<?xml version="1.0" encoding="UTF-8"?>
<testsuite xmlns:xsi="http://www.w3.org/2001/XMLSchema-instance" xsi:noNamespaceSchemaLocation="https://maven.apache.org/surefire/maven-surefire-plugin/xsd/surefire-test-report-3.0.xsd" version="3.0" name="com.fipeapi2.services.FipeProcessingServiceTest" time="0.002" tests="2" errors="0" skipped="2" failures="0">
  <properties>
[...]
</properties>
  <testcase name="testProcessarVeiculos" classname="com.fipeapi2.services.FipeProcessingServiceTest" time="0">
    <skipped type="org.opentest4j.TestAbortedException"><![CDATA[org.opentest4j.TestAbortedException: Boot failed
]]></skipped>
  </testcase>
  <testcase name="testAtualizarVeiculoExistente" classname="com.fipeapi2.services.FipeProcessingServiceTest" time="0">
    <skipped type="org.opentest4j.TestAbortedException"><![CDATA[org.opentest4j.TestAbortedException: Boot failed
]]></skipped>
  </testcase>
</testsuite>