<?xml version="1.0" encoding="UTF-8" ?>
<testsuite tests="2" failures="2" name="com.fipeapi1.services.FipeServiceTest" time="0.001" errors="0" skipped="0">
  <properties>
[...]
</properties>
  <testcase classname="com.fipeapi1.services.FipeServiceTest" name="com.fipeapi1.services.FipeServiceTest.testBuscarVeiculosComErro" time="0.001">
    <failure message="Cannot invoke &quot;com.fipeapi1.services.FipeClient.obterMarcas()&quot; because &quot;this.fipeClient&quot; is null" type="java.lang.NullPointerException">java.lang.NullPointerException: Cannot invoke &quot;com.fipeapi1.services.FipeClient.obterMarcas()&quot; because &quot;this.fipeClient&quot; is null
	at com.fipeapi1.services.FipeServiceTest.testBuscarVeiculosComErro(FipeServiceTest.java:50)
</failure>
  </testcase>
  <testcase classname="com.fipeapi1.services.FipeServiceTest" name="com.fipeapi1.services.FipeServiceTest.testBuscarVeiculos" time="0">
    <failure message="Cannot invoke &quot;com.fipeapi1.services.FipeClient.obterMarcas()&quot; because &quot;this.fipeClient&quot; is null" type="java.lang.NullPointerException">java.lang.NullPointerException: Cannot invoke &quot;com.fipeapi1.services.FipeClient.obterMarcas()&quot; because &quot;this.fipeClient&quot; is null
	at com.fipeapi1.services.FipeServiceTest.testBuscarVeiculos(FipeServiceTest.java:31)
</failure>
  </testcase>
</testsuite>